starter-old/ShoppingListWithSearch/app/build/outputs/logs/manifest-merger-debug-report.txt
-- Merging decision tree log ---
manifest
ADDED from src/main/AndroidManifest.xml:2:1-31:12
	xmlns:android
		ADDED from src/main/AndroidManifest.xml:2:11-69
	package
		ADDED from src/main/AndroidManifest.xml:3:11-70
		INJECTED from src/main/AndroidManifest.xml
		INJECTED from src/main/AndroidManifest.xml
	android:versionName
		INJECTED from src/main/AndroidManifest.xml
		INJECTED from src/main/AndroidManifest.xml
	android:versionCode
		INJECTED from src/main/AndroidManifest.xml
		INJECTED from src/main/AndroidManifest.xml
application
ADDED from src/main/AndroidManifest.xml:5:5-29:19
MERGED from [com.android.support:appcompat-v7:23.1.1] AndroidManifest.xml:22:5-20
MERGED from [com.android.support:support-v4:23.1.1] AndroidManifest.xml:22:5-20
	android:supportsRtl
		ADDED from src/main/AndroidManifest.xml:9:9-35
	android:label
		ADDED from src/main/AndroidManifest.xml:8:9-41
	android:allowBackup
		ADDED from src/main/AndroidManifest.xml:6:9-35
	android:icon
		ADDED from src/main/AndroidManifest.xml:7:9-43
	android:theme
		ADDED from src/main/AndroidManifest.xml:10:9-40
activity#ly.generalassemb.drewmahrt.shoppinglistwithsearch.MainActivity
ADDED from src/main/AndroidManifest.xml:11:9-26:20
	android:name
		ADDED from src/main/AndroidManifest.xml:12:13-41
	android:launchMode
		ADDED from src/main/AndroidManifest.xml:13:13-43
intent-filter#android.intent.action.MAIN+android.intent.category.LAUNCHER
ADDED from src/main/AndroidManifest.xml:14:13-18:29
action#android.intent.action.MAIN
ADDED from src/main/AndroidManifest.xml:15:17-68
	android:name
		ADDED from src/main/AndroidManifest.xml:15:25-66
category#android.intent.category.LAUNCHER
ADDED from src/main/AndroidManifest.xml:17:17-76
	android:name
		ADDED from src/main/AndroidManifest.xml:17:27-74
intent-filter#android.intent.action.SEARCH
ADDED from src/main/AndroidManifest.xml:19:13-21:29
action#android.intent.action.SEARCH
ADDED from src/main/AndroidManifest.xml:20:17-70
	android:name
		ADDED from src/main/AndroidManifest.xml:20:25-68
meta-data#android.app.searchable
ADDED from src/main/AndroidManifest.xml:23:13-25:53
	android:resource
		ADDED from src/main/AndroidManifest.xml:25:17-51
	android:name
		ADDED from src/main/AndroidManifest.xml:24:17-54
activity#ly.generalassemb.drewmahrt.shoppinglistwithsearch.GroceryDetailActivity
ADDED from src/main/AndroidManifest.xml:27:9-28:20
	android:name
		ADDED from src/main/AndroidManifest.xml:27:19-56
uses-sdk
INJECTED from src/main/AndroidManifest.xml reason: use-sdk injection requested
MERGED from [com.android.support:appcompat-v7:23.1.1] AndroidManifest.xml:20:5-43
MERGED from [com.android.support:support-v4:23.1.1] AndroidManifest.xml:20:5-43
	android:targetSdkVersion
		INJECTED from src/main/AndroidManifest.xml
		INJECTED from src/main/AndroidManifest.xml
	android:minSdkVersion
		INJECTED from src/main/AndroidManifest.xml
		INJECTED from src/main/AndroidManifest.xml